<?xml version="1.0" encoding="UTF-8"?>
<!-- Generated by org.testng.reporters.JUnitReportReporter -->
<testsuite hostname="DESKTOP-ONB4CB6" failures="0" tests="5" name="com.testng.DataProviderTest" time="0.020" errors="0" timestamp="2023-04-24T16:05:32 IST" skipped="0">
  <testcase classname="com.testng.DataProviderTest" name="stuDetails" time="0.008"/>
  <system-out/>
  <testcase classname="com.testng.DataProviderTest" name="stuDetails" time="0.001"/>
  <system-out/>
  <testcase classname="com.testng.DataProviderTest" name="stuDetails" time="0.002"/>
  <system-out/>
  <testcase classname="com.testng.DataProviderTest" name="stuDetails" time="0.007"/>
  <system-out/>
  <testcase classname="com.testng.DataProviderTest" name="stuDetails" time="0.002"/>
  <system-out/>
</testsuite> <!-- com.testng.DataProviderTest -->
